Performing C SOURCE FILE Test CMAKE_HAVE_LIBC_PTHREAD failed with the following output:
Change Dir: /home/dick/SDJL_robot_combat/catkin_ws/build/CMakeFiles/CMakeTmp

Run Build Command(s):/usr/bin/make cmTC_e61a9/fast && /usr/bin/make  -f CMakeFiles/cmTC_e61a9.dir/build.make CMakeFiles/cmTC_e61a9.dir/build
make[1]: Entering directory '/home/dick/SDJL_robot_combat/catkin_ws/build/CMakeFiles/CMakeTmp'
Building C object CMakeFiles/cmTC_e61a9.dir/src.c.o
/usr/bin/cc   -DCMAKE_HAVE_LIBC_PTHREAD -o CMakeFiles/cmTC_e61a9.dir/src.c.o -c /home/dick/SDJL_robot_combat/catkin_ws/build/CMakeFiles/CMakeTmp/src.c
Linking C executable cmTC_e61a9
/usr/local/bin/cmake -E cmake_link_script CMakeFiles/cmTC_e61a9.dir/link.txt --verbose=1
/usr/bin/cc  -DCMAKE_HAVE_LIBC_PTHREAD -rdynamic CMakeFiles/cmTC_e61a9.dir/src.c.o -o cmTC_e61a9 
CMakeFiles/cmTC_e61a9.dir/src.c.o: In function `main':
src.c:(.text+0x48): undefined reference to `pthread_create'
src.c:(.text+0x50): undefined reference to `pthread_detach'
src.c:(.text+0x58): undefined reference to `pthread_cancel'
src.c:(.text+0x64): undefined reference to `pthread_join'
src.c:(.text+0x74): undefined reference to `pthread_atfork'
collect2: error: ld returned 1 exit status
CMakeFiles/cmTC_e61a9.dir/build.make:105: recipe for target 'cmTC_e61a9' failed
make[1]: *** [cmTC_e61a9] Error 1
make[1]: Leaving directory '/home/dick/SDJL_robot_combat/catkin_ws/build/CMakeFiles/CMakeTmp'
Makefile:140: recipe for target 'cmTC_e61a9/fast' failed
make: *** [cmTC_e61a9/fast] Error 2


Source file was:
#include <pthread.h>

void* test_func(void* data)
{
  return data;
}

int main(void)
{
  pthread_t thread;
  pthread_create(&thread, NULL, test_func, NULL);
  pthread_detach(thread);
  pthread_cancel(thread);
  pthread_join(thread, NULL);
  pthread_atfork(NULL, NULL, NULL);
  pthread_exit(NULL);

  return 0;
}

Determining if the function pthread_create exists in the pthreads failed with the following output:
Change Dir: /home/dick/SDJL_robot_combat/catkin_ws/build/CMakeFiles/CMakeTmp

Run Build Command(s):/usr/bin/make cmTC_71aff/fast && /usr/bin/make  -f CMakeFiles/cmTC_71aff.dir/build.make CMakeFiles/cmTC_71aff.dir/build
make[1]: Entering directory '/home/dick/SDJL_robot_combat/catkin_ws/build/CMakeFiles/CMakeTmp'
Building C object CMakeFiles/cmTC_71aff.dir/CheckFunctionExists.c.o
/usr/bin/cc   -DCHECK_FUNCTION_EXISTS=pthread_create -o CMakeFiles/cmTC_71aff.dir/CheckFunctionExists.c.o -c /usr/local/share/cmake-3.18/Modules/CheckFunctionExists.c
Linking C executable cmTC_71aff
/usr/local/bin/cmake -E cmake_link_script CMakeFiles/cmTC_71aff.dir/link.txt --verbose=1
/usr/bin/cc  -DCHECK_FUNCTION_EXISTS=pthread_create -rdynamic CMakeFiles/cmTC_71aff.dir/CheckFunctionExists.c.o -o cmTC_71aff  -lpthreads 
/usr/bin/ld: cannot find -lpthreads
collect2: error: ld returned 1 exit status
CMakeFiles/cmTC_71aff.dir/build.make:105: recipe for target 'cmTC_71aff' failed
make[1]: *** [cmTC_71aff] Error 1
make[1]: Leaving directory '/home/dick/SDJL_robot_combat/catkin_ws/build/CMakeFiles/CMakeTmp'
Makefile:140: recipe for target 'cmTC_71aff/fast' failed
make: *** [cmTC_71aff/fast] Error 2



